<?xml version="1.0" encoding="UTF-8"?>
<!-- Generated by org.testng.reporters.JUnitReportReporter -->
<testsuite skipped="19" hostname="Faatimas-MacBook-Pro.local" name="granadilla.GetCoverHome" tests="19" failures="0" timestamp="2020-02-12T13:21:10 SAST" time="0.000" errors="0">
  <testcase name="getCover" time="0.000" classname="granadilla.GetCoverHome">
    <skipped/>
  </testcase> <!-- getCover -->
  <testcase name="home" time="0.000" classname="granadilla.GetCoverHome">
    <skipped/>
  </testcase> <!-- home -->
  <testcase name="homeAppliance" time="0.000" classname="granadilla.GetCoverHome">
    <skipped/>
  </testcase> <!-- homeAppliance -->
  <testcase name="photoHomeAppliance" time="0.000" classname="granadilla.GetCoverHome">
    <skipped/>
  </testcase> <!-- photoHomeAppliance -->
  <testcase name="value" time="0.000" classname="granadilla.GetCoverHome">
    <skipped/>
  </testcase> <!-- value -->
  <testcase name="email" time="0.000" classname="granadilla.GetCoverHome">
    <skipped/>
  </testcase> <!-- email -->
  <testcase name="inviteCode" time="0.000" classname="granadilla.GetCoverHome">
    <skipped/>
  </testcase> <!-- inviteCode -->
  <testcase name="name" time="0.000" classname="granadilla.GetCoverHome">
    <skipped/>
  </testcase> <!-- name -->
  <testcase name="surname" time="0.000" classname="granadilla.GetCoverHome">
    <skipped/>
  </testcase> <!-- surname -->
  <testcase name="idNumber" time="0.000" classname="granadilla.GetCoverHome">
    <skipped/>
  </testcase> <!-- idNumber -->
  <testcase name="selfie" time="0.000" classname="granadilla.GetCoverHome">
    <skipped/>
  </testcase> <!-- selfie -->
  <testcase name="creditCheck" time="0.000" classname="granadilla.GetCoverHome">
    <skipped/>
  </testcase> <!-- creditCheck -->
  <testcase name="insuranceClaims" time="0.000" classname="granadilla.GetCoverHome">
    <skipped/>
  </testcase> <!-- insuranceClaims -->
  <testcase name="cancelledRefused" time="0.000" classname="granadilla.GetCoverHome">
    <skipped/>
  </testcase> <!-- cancelledRefused -->
  <testcase name="rightNowShowMe" time="0.000" classname="granadilla.GetCoverHome">
    <skipped/>
  </testcase> <!-- rightNowShowMe -->
  <testcase name="dueNow" time="0.000" classname="granadilla.GetCoverHome">
    <skipped/>
  </testcase> <!-- dueNow -->
  <testcase name="payment" time="0.000" classname="granadilla.GetCoverHome">
    <skipped/>
  </testcase> <!-- payment -->
  <testcase name="debitOrder" time="0.000" classname="granadilla.GetCoverHome">
    <skipped/>
  </testcase> <!-- debitOrder -->
  <testcase name="acceptPaymentMandate" time="0.000" classname="granadilla.GetCoverHome">
    <skipped/>
  </testcase> <!-- acceptPaymentMandate -->
</testsuite> <!-- granadilla.GetCoverHome -->
