<?xml version="1.0" encoding="UTF-8"?>
<!-- Generated by org.testng.reporters.JUnitReportReporter -->
<testsuite skipped="0" hostname="Faatimas-MBP.Dlink" name="musicPlayTests.Userflow" tests="4" failures="0" timestamp="2020-11-18T11:11:11 SAST" time="5.420" errors="0">
  <testcase name="genres" time="1.090" classname="musicPlayTests.Userflow"/>
  <testcase name="rock" time="2.359" classname="musicPlayTests.Userflow"/>
  <testcase name="motoCrossSong" time="0.238" classname="musicPlayTests.Userflow"/>
  <testcase name="pause" time="1.733" classname="musicPlayTests.Userflow"/>
</testsuite> <!-- musicPlayTests.Userflow -->
