<?xml version="1.0" encoding="UTF-8"?>
<!-- Generated by org.testng.reporters.JUnitReportReporter -->
<testsuite skipped="11" hostname="Faatimas-MacBook-Pro.local" name="granadilla.GetCoverTravel" tests="11" failures="0" timestamp="2020-02-12T13:21:20 SAST" time="0.000" errors="0">
  <testcase name="travelGetCover" time="0.000" classname="granadilla.GetCoverTravel">
    <skipped/>
  </testcase> <!-- travelGetCover -->
  <testcase name="travel" time="0.000" classname="granadilla.GetCoverTravel">
    <skipped/>
  </testcase> <!-- travel -->
  <testcase name="travelSubCat" time="0.000" classname="granadilla.GetCoverTravel">
    <skipped/>
  </testcase> <!-- travelSubCat -->
  <testcase name="localTravel" time="0.000" classname="granadilla.GetCoverTravel">
    <skipped/>
  </testcase> <!-- localTravel -->
  <testcase name="flightNumber" time="0.000" classname="granadilla.GetCoverTravel">
    <skipped/>
  </testcase> <!-- flightNumber -->
  <testcase name="showMe" time="0.000" classname="granadilla.GetCoverTravel">
    <skipped/>
  </testcase> <!-- showMe -->
  <testcase name="understandpolicy" time="0.000" classname="granadilla.GetCoverTravel">
    <skipped/>
  </testcase> <!-- understandpolicy -->
  <testcase name="dueNow" time="0.000" classname="granadilla.GetCoverTravel">
    <skipped/>
  </testcase> <!-- dueNow -->
  <testcase name="selectPayment" time="0.000" classname="granadilla.GetCoverTravel">
    <skipped/>
  </testcase> <!-- selectPayment -->
  <testcase name="dueNow2" time="0.000" classname="granadilla.GetCoverTravel">
    <skipped/>
  </testcase> <!-- dueNow2 -->
  <testcase name="acceptPaymentMandate" time="0.000" classname="granadilla.GetCoverTravel">
    <skipped/>
  </testcase> <!-- acceptPaymentMandate -->
</testsuite> <!-- granadilla.GetCoverTravel -->
