<?xml version="1.0" encoding="UTF-8"?>
<!-- Generated by org.testng.reporters.JUnitReportReporter -->
<testsuite skipped="0" hostname="Faatimas-MBP.Dlink" name="musicPlayTests.Userflow" tests="4" failures="0" timestamp="2020-11-18T10:53:37 SAST" time="5.135" errors="0">
  <testcase name="genres" time="2.117" classname="musicPlayTests.Userflow"/>
  <testcase name="rock" time="1.077" classname="musicPlayTests.Userflow"/>
  <testcase name="motoCrossSong" time="0.258" classname="musicPlayTests.Userflow"/>
  <testcase name="pause" time="1.683" classname="musicPlayTests.Userflow"/>
</testsuite> <!-- musicPlayTests.Userflow -->
