<?xml version="1.0" encoding="UTF-8"?>
<!-- Generated by org.testng.reporters.JUnitReportReporter -->
<testsuite skipped="9" hostname="Faatimas-MacBook-Pro.local" name="granadilla.GetCoverGaming" tests="9" failures="0" timestamp="2020-02-12T13:21:30 SAST" time="0.000" errors="0">
  <testcase name="gaming" time="0.000" classname="granadilla.GetCoverGaming">
    <skipped/>
  </testcase> <!-- gaming -->
  <testcase name="gamingEquip" time="0.000" classname="granadilla.GetCoverGaming">
    <skipped/>
  </testcase> <!-- gamingEquip -->
  <testcase name="photoGamingEquip" time="0.000" classname="granadilla.GetCoverGaming">
    <skipped/>
  </testcase> <!-- photoGamingEquip -->
  <testcase name="value" time="0.000" classname="granadilla.GetCoverGaming">
    <skipped/>
  </testcase> <!-- value -->
  <testcase name="rightNowShowMe" time="0.000" classname="granadilla.GetCoverGaming">
    <skipped/>
  </testcase> <!-- rightNowShowMe -->
  <testcase name="dueNow" time="0.000" classname="granadilla.GetCoverGaming">
    <skipped/>
  </testcase> <!-- dueNow -->
  <testcase name="payment" time="0.000" classname="granadilla.GetCoverGaming">
    <skipped/>
  </testcase> <!-- payment -->
  <testcase name="debitOrder" time="0.000" classname="granadilla.GetCoverGaming">
    <skipped/>
  </testcase> <!-- debitOrder -->
  <testcase name="acceptPaymentMandate" time="0.000" classname="granadilla.GetCoverGaming">
    <skipped/>
  </testcase> <!-- acceptPaymentMandate -->
</testsuite> <!-- granadilla.GetCoverGaming -->
