<?xml version="1.0" encoding="UTF-8"?>
<!-- Generated by org.testng.reporters.JUnitReportReporter -->
<testsuite skipped="8" hostname="Faatimas-MacBook-Pro.local" name="granadilla.GetCoverJewellery" tests="8" failures="0" timestamp="2020-02-12T13:21:15 SAST" time="0.032" errors="0">
  <testcase name="jewellery" time="0.000" classname="granadilla.GetCoverJewellery">
    <skipped/>
  </testcase> <!-- jewellery -->
  <testcase name="jewellerySubcat" time="0.000" classname="granadilla.GetCoverJewellery">
    <skipped/>
  </testcase> <!-- jewellerySubcat -->
  <testcase name="photoJewellery" time="0.000" classname="granadilla.GetCoverJewellery">
    <skipped/>
  </testcase> <!-- photoJewellery -->
  <testcase name="value" time="0.000" classname="granadilla.GetCoverJewellery">
    <skipped/>
  </testcase> <!-- value -->
  <testcase name="rightNowShowMe" time="0.000" classname="granadilla.GetCoverJewellery">
    <skipped/>
  </testcase> <!-- rightNowShowMe -->
  <testcase name="dueNow" time="0.000" classname="granadilla.GetCoverJewellery">
    <skipped/>
  </testcase> <!-- dueNow -->
  <testcase name="payment" time="0.032" classname="granadilla.GetCoverJewellery">
    <skipped/>
  </testcase> <!-- payment -->
  <testcase name="acceptPaymentMandate" time="0.000" classname="granadilla.GetCoverJewellery">
    <skipped/>
  </testcase> <!-- acceptPaymentMandate -->
</testsuite> <!-- granadilla.GetCoverJewellery -->
