<?xml version="1.0" encoding="UTF-8"?>
<!-- Generated by org.testng.reporters.JUnitReportReporter -->
<testsuite skipped="0" hostname="Faatimas-MBP.Dlink" name="musicPlayTests.Userflow" tests="4" failures="0" timestamp="2020-11-18T11:22:09 SAST" time="5.258" errors="0">
  <testcase name="genres" time="2.029" classname="musicPlayTests.Userflow"/>
  <testcase name="rock" time="0.205" classname="musicPlayTests.Userflow"/>
  <testcase name="motoCrossSong" time="1.137" classname="musicPlayTests.Userflow"/>
  <testcase name="pause" time="1.887" classname="musicPlayTests.Userflow"/>
</testsuite> <!-- musicPlayTests.Userflow -->
