<?xml version="1.0" encoding="UTF-8"?>
<!-- Generated by org.testng.reporters.JUnitReportReporter -->
<testsuite skipped="8" hostname="Faatimas-MacBook-Pro.local" name="granadilla.GetCoverGadgets" tests="8" failures="0" timestamp="2020-02-12T13:21:35 SAST" time="0.000" errors="0">
  <testcase name="gadgets" time="0.000" classname="granadilla.GetCoverGadgets">
    <skipped/>
  </testcase> <!-- gadgets -->
  <testcase name="smartphone" time="0.000" classname="granadilla.GetCoverGadgets">
    <skipped/>
  </testcase> <!-- smartphone -->
  <testcase name="photoSmartphone" time="0.000" classname="granadilla.GetCoverGadgets">
    <skipped/>
  </testcase> <!-- photoSmartphone -->
  <testcase name="value" time="0.000" classname="granadilla.GetCoverGadgets">
    <skipped/>
  </testcase> <!-- value -->
  <testcase name="rightNowShowMe" time="0.000" classname="granadilla.GetCoverGadgets">
    <skipped/>
  </testcase> <!-- rightNowShowMe -->
  <testcase name="dueNow" time="0.000" classname="granadilla.GetCoverGadgets">
    <skipped/>
  </testcase> <!-- dueNow -->
  <testcase name="payment" time="0.000" classname="granadilla.GetCoverGadgets">
    <skipped/>
  </testcase> <!-- payment -->
  <testcase name="acceptPaymentMandate" time="0.000" classname="granadilla.GetCoverGadgets">
    <skipped/>
  </testcase> <!-- acceptPaymentMandate -->
</testsuite> <!-- granadilla.GetCoverGadgets -->
